[INFO] Scanning for projects...
[INFO] 
[INFO] -------< co.edu.unicauca.distribuidos:proyecto_api_rest_cliente >-------
[INFO] Building proyecto_api_rest_cliente 0.0.1-SNAPSHOT
[INFO]   from pom.xml
[INFO] --------------------------------[ jar ]---------------------------------
[INFO] 
[INFO] >>> spring-boot:3.2.3:run (default-cli) > test-compile @ proyecto_api_rest_cliente >>>
[INFO] 
[INFO] --- resources:3.3.1:resources (default-resources) @ proyecto_api_rest_cliente ---
[INFO] Copying 2 resources from src/main/resources to target/classes
[INFO] Copying 2 resources from src/main/resources to target/classes
[INFO] 
[INFO] --- compiler:3.11.0:compile (default-compile) @ proyecto_api_rest_cliente ---
[INFO] Nothing to compile - all classes are up to date
[INFO] 
[INFO] --- resources:3.3.1:testResources (default-testResources) @ proyecto_api_rest_cliente ---
[INFO] skip non existing resourceDirectory /Users/danielceron/Documents/lab-software-engeneering-3/theory/backend/src/test/resources
[INFO] 
[INFO] --- compiler:3.11.0:testCompile (default-testCompile) @ proyecto_api_rest_cliente ---
[INFO] Nothing to compile - all classes are up to date
[INFO] 
[INFO] <<< spring-boot:3.2.3:run (default-cli) < test-compile @ proyecto_api_rest_cliente <<<
[INFO] 
[INFO] 
[INFO] --- spring-boot:3.2.3:run (default-cli) @ proyecto_api_rest_cliente ---
[INFO] Attaching agents: []

  .   ____          _            __ _ _
 /\\ / ___'_ __ _ _(_)_ __  __ _ \ \ \ \
( ( )\___ | '_ | '_| | '_ \/ _` | \ \ \ \
 \\/  ___)| |_)| | | | | || (_| |  ) ) ) )
  '  |____| .__|_| |_|_| |_\__, | / / / /
 =========|_|==============|___/=/_/_/_/
 :: Spring Boot ::                (v3.2.3)

2025-06-02T20:36:03.442-05:00  INFO 82786 --- [lab-software-engineering-backend] [  restartedMain] .u.d.c.ProyectoApiRestClienteApplication : Starting ProyectoApiRestClienteApplication using Java 21.0.7 with PID 82786 (/Users/danielceron/Documents/lab-software-engeneering-3/theory/backend/target/classes started by danielceron in /Users/danielceron/Documents/lab-software-engeneering-3/theory/backend)
2025-06-02T20:36:03.442-05:00  INFO 82786 --- [lab-software-engineering-backend] [  restartedMain] .u.d.c.ProyectoApiRestClienteApplication : No active profile set, falling back to 1 default profile: "default"
2025-06-02T20:36:03.459-05:00  INFO 82786 --- [lab-software-engineering-backend] [  restartedMain] .e.DevToolsPropertyDefaultsPostProcessor : Devtools property defaults active! Set 'spring.devtools.add-properties' to 'false' to disable
2025-06-02T20:36:03.459-05:00  INFO 82786 --- [lab-software-engineering-backend] [  restartedMain] .e.DevToolsPropertyDefaultsPostProcessor : For additional web related logging consider setting the 'logging.level.web' property to 'DEBUG'
2025-06-02T20:36:03.672-05:00  INFO 82786 --- [lab-software-engineering-backend] [  restartedMain] .s.d.r.c.RepositoryConfigurationDelegate : Bootstrapping Spring Data JPA repositories in DEFAULT mode.
2025-06-02T20:36:03.687-05:00  INFO 82786 --- [lab-software-engineering-backend] [  restartedMain] .s.d.r.c.RepositoryConfigurationDelegate : Finished Spring Data repository scanning in 12 ms. Found 4 JPA repository interfaces.
2025-06-02T20:36:04.075-05:00  INFO 82786 --- [lab-software-engineering-backend] [  restartedMain] o.s.b.w.embedded.tomcat.TomcatWebServer  : Tomcat initialized with port 8082 (http)
2025-06-02T20:36:04.079-05:00  INFO 82786 --- [lab-software-engineering-backend] [  restartedMain] o.apache.catalina.core.StandardService   : Starting service [Tomcat]
2025-06-02T20:36:04.079-05:00  INFO 82786 --- [lab-software-engineering-backend] [  restartedMain] o.apache.catalina.core.StandardEngine    : Starting Servlet engine: [Apache Tomcat/10.1.19]
2025-06-02T20:36:04.092-05:00  INFO 82786 --- [lab-software-engineering-backend] [  restartedMain] o.a.c.c.C.[Tomcat].[localhost].[/api]    : Initializing Spring embedded WebApplicationContext
2025-06-02T20:36:04.092-05:00  INFO 82786 --- [lab-software-engineering-backend] [  restartedMain] w.s.c.ServletWebServerApplicationContext : Root WebApplicationContext: initialization completed in 633 ms
2025-06-02T20:36:04.132-05:00  INFO 82786 --- [lab-software-engineering-backend] [  restartedMain] o.s.j.d.e.EmbeddedDatabaseFactory        : Starting embedded database: url='jdbc:h2:mem:testdb;DB_CLOSE_DELAY=-1;DB_CLOSE_ON_EXIT=false', username='sa'
2025-06-02T20:36:04.191-05:00 DEBUG 82786 --- [lab-software-engineering-backend] [  restartedMain] o.s.jdbc.datasource.init.ScriptUtils     : Executing SQL script from class path resource [schema.sql]
2025-06-02T20:36:04.193-05:00 DEBUG 82786 --- [lab-software-engineering-backend] [  restartedMain] o.s.jdbc.datasource.init.ScriptUtils     : 0 returned as update count for SQL: DROP TABLE IF EXISTS NIVELES_DESEMPENO
2025-06-02T20:36:04.193-05:00 DEBUG 82786 --- [lab-software-engineering-backend] [  restartedMain] o.s.jdbc.datasource.init.ScriptUtils     : 0 returned as update count for SQL: DROP TABLE IF EXISTS CRITERIOS
2025-06-02T20:36:04.193-05:00 DEBUG 82786 --- [lab-software-engineering-backend] [  restartedMain] o.s.jdbc.datasource.init.ScriptUtils     : 0 returned as update count for SQL: DROP TABLE IF EXISTS RUBRICAS
2025-06-02T20:36:04.193-05:00 DEBUG 82786 --- [lab-software-engineering-backend] [  restartedMain] o.s.jdbc.datasource.init.ScriptUtils     : 0 returned as update count for SQL: DROP TABLE IF EXISTS DOCENTE
2025-06-02T20:36:04.193-05:00 DEBUG 82786 --- [lab-software-engineering-backend] [  restartedMain] o.s.jdbc.datasource.init.ScriptUtils     : 0 returned as update count for SQL: DROP TABLE IF EXISTS USUARIOS
2025-06-02T20:36:04.197-05:00 DEBUG 82786 --- [lab-software-engineering-backend] [  restartedMain] o.s.jdbc.datasource.init.ScriptUtils     : 0 returned as update count for SQL: CREATE TABLE USUARIOS ( ID INT AUTO_INCREMENT PRIMARY KEY, USERNAME VARCHAR(50) NOT NULL UNIQUE, PASSWORD_HASH VARCHAR(255) NOT NULL, ROL VARCHAR(20) NOT NULL, ENABLED BOOLEAN NOT NULL DEFAULT TRUE, ACCOUNT_NON_EXPIRED BOOLEAN NOT NULL DEFAULT TRUE, ACCOUNT_NON_LOCKED BOOLEAN NOT NULL DEFAULT TRUE, CREDENTIALS_NON_EXPIRED BOOLEAN NOT NULL DEFAULT TRUE )
2025-06-02T20:36:04.197-05:00 DEBUG 82786 --- [lab-software-engineering-backend] [  restartedMain] o.s.jdbc.datasource.init.ScriptUtils     : 0 returned as update count for SQL: CREATE INDEX IDX_USUARIOS_USERNAME ON USUARIOS(USERNAME)
2025-06-02T20:36:04.197-05:00 DEBUG 82786 --- [lab-software-engineering-backend] [  restartedMain] o.s.jdbc.datasource.init.ScriptUtils     : 0 returned as update count for SQL: CREATE INDEX IDX_USUARIOS_ROL ON USUARIOS(ROL)
2025-06-02T20:36:04.197-05:00 DEBUG 82786 --- [lab-software-engineering-backend] [  restartedMain] o.s.jdbc.datasource.init.ScriptUtils     : 0 returned as update count for SQL: CREATE TABLE RUBRICAS ( ID INT AUTO_INCREMENT PRIMARY KEY, NOMBRE VARCHAR(100) NOT NULL, DESCRIPCION VARCHAR(500) NOT NULL, FECHA_CREACION TIMESTAMP DEFAULT CURRENT_TIMESTAMP, ESTADO VARCHAR(20) DEFAULT 'ACTIVO' )
2025-06-02T20:36:04.198-05:00 DEBUG 82786 --- [lab-software-engineering-backend] [  restartedMain] o.s.jdbc.datasource.init.ScriptUtils     : 0 returned as update count for SQL: CREATE INDEX IDX_RUBRICAS_ESTADO ON RUBRICAS(ESTADO)
2025-06-02T20:36:04.202-05:00 DEBUG 82786 --- [lab-software-engineering-backend] [  restartedMain] o.s.jdbc.datasource.init.ScriptUtils     : 0 returned as update count for SQL: CREATE TABLE CRITERIOS ( ID INT AUTO_INCREMENT PRIMARY KEY, NOMBRE VARCHAR(100) NOT NULL, DESCRIPCION VARCHAR(500) NOT NULL, PESO DECIMAL(5,2) NOT NULL, RUBRICA_ID INT NOT NULL, FOREIGN KEY (RUBRICA_ID) REFERENCES RUBRICAS(ID) ON DELETE CASCADE )
2025-06-02T20:36:04.202-05:00 DEBUG 82786 --- [lab-software-engineering-backend] [  restartedMain] o.s.jdbc.datasource.init.ScriptUtils     : 0 returned as update count for SQL: CREATE INDEX IDX_CRITERIOS_RUBRICA ON CRITERIOS(RUBRICA_ID)
2025-06-02T20:36:04.203-05:00 DEBUG 82786 --- [lab-software-engineering-backend] [  restartedMain] o.s.jdbc.datasource.init.ScriptUtils     : 0 returned as update count for SQL: CREATE TABLE NIVELES_DESEMPENO ( ID INT AUTO_INCREMENT PRIMARY KEY, DESCRIPCION VARCHAR(500) NOT NULL, PUNTAJE DECIMAL(5,2) NOT NULL, CRITERIO_ID INT NOT NULL, FOREIGN KEY (CRITERIO_ID) REFERENCES CRITERIOS(ID) ON DELETE CASCADE )
2025-06-02T20:36:04.203-05:00 DEBUG 82786 --- [lab-software-engineering-backend] [  restartedMain] o.s.jdbc.datasource.init.ScriptUtils     : 0 returned as update count for SQL: CREATE INDEX IDX_NIVELES_CRITERIO ON NIVELES_DESEMPENO(CRITERIO_ID)
2025-06-02T20:36:04.203-05:00 DEBUG 82786 --- [lab-software-engineering-backend] [  restartedMain] o.s.jdbc.datasource.init.ScriptUtils     : Executed SQL script from class path resource [schema.sql] in 12 ms.
2025-06-02T20:36:04.203-05:00 DEBUG 82786 --- [lab-software-engineering-backend] [  restartedMain] o.s.jdbc.datasource.init.ScriptUtils     : Executing SQL script from class path resource [data.sql]
2025-06-02T20:36:04.205-05:00 DEBUG 82786 --- [lab-software-engineering-backend] [  restartedMain] o.s.jdbc.datasource.init.ScriptUtils     : 6 returned as update count for SQL: INSERT INTO USUARIOS (USERNAME, PASSWORD_HASH, ROL, ENABLED, ACCOUNT_NON_EXPIRED, ACCOUNT_NON_LOCKED, CREDENTIALS_NON_EXPIRED) VALUES ('admin', '$2a$10$DzKRNGXAgXEjJ10JFUBAcepzN3hh.BXfYWC5/oiC/rcYL2Ml7Y3IG', 'COORDINADOR', TRUE, TRUE, TRUE, TRUE), ('coordinador','$2a$10$DzKRNGXAgXEjJ10JFUBAcepzN3hh.BXfYWC5/oiC/rcYL2Ml7Y3IG', 'COORDINADOR', TRUE, TRUE, TRUE, TRUE), ('docente', '$2a$10$DzKRNGXAgXEjJ10JFUBAcepzN3hh.BXfYWC5/oiC/rcYL2Ml7Y3IG', 'DOCENTE', TRUE, TRUE, TRUE, TRUE), ('user', '$2a$10$DzKRNGXAgXEjJ10JFUBAcepzN3hh.BXfYWC5/oiC/rcYL2Ml7Y3IG', 'DOCENTE', TRUE, TRUE, TRUE, TRUE), ('evaluador', '$2a$10$DzKRNGXAgXEjJ10JFUBAcepzN3hh.BXfYWC5/oiC/rcYL2Ml7Y3IG', 'EVALUADOR_EXTERNO', TRUE, TRUE, TRUE, TRUE), ('COORDINADOR','$2a$10$DzKRNGXAgXEjJ10JFUBAcepzN3hh.BXfYWC5/oiC/rcYL2Ml7Y3IG', 'COORDINADOR', TRUE, TRUE, TRUE, TRUE)
2025-06-02T20:36:04.206-05:00 DEBUG 82786 --- [lab-software-engineering-backend] [  restartedMain] o.s.jdbc.datasource.init.ScriptUtils     : 5 returned as update count for SQL: INSERT INTO RUBRICAS (NOMBRE, DESCRIPCION, FECHA_CREACION, ESTADO) VALUES ('Rúbrica para Patrones de Diseño', 'Evaluación de la aplicación de patrones de diseño en proyectos de software', '2024-05-15', 'ACTIVO'), ('Rúbrica para Pruebas Unitarias', 'Evaluación de la implementación de pruebas unitarias en proyectos de software', '2024-05-20', 'ACTIVO'), ('Rúbrica para Metodologías Ágiles', 'Evaluación de la aplicación de metodologías ágiles en proyectos', '2024-05-25', 'ACTIVO'), ('Rúbrica para Diseño de BD', 'Evaluación del diseño de bases de datos relacionales', '2024-06-01', 'ACTIVO'), ('Rúbrica de Programación', 'Evaluación de habilidades de programación', CURRENT_TIMESTAMP, 'ACTIVO')
2025-06-02T20:36:04.207-05:00 DEBUG 82786 --- [lab-software-engineering-backend] [  restartedMain] o.s.jdbc.datasource.init.ScriptUtils     : 15 returned as update count for SQL: INSERT INTO CRITERIOS (NOMBRE, DESCRIPCION, PESO, RUBRICA_ID) VALUES ('Selección de patrones', 'Correcta selección e implementación de patrones de diseño adecuados al problema', 30.00, 1), ('Implementación', 'Calidad en la implementación de los patrones seleccionados', 40.00, 1), ('Documentación', 'Documentación clara y completa de los patrones utilizados', 30.00, 1), ('Cobertura de pruebas', 'Porcentaje del código cubierto por pruebas unitarias', 35.00, 2), ('Calidad de pruebas', 'Calidad y efectividad de las pruebas implementadas', 35.00, 2), ('Automatización', 'Nivel de automatización de las pruebas', 30.00, 2), ('Aplicación del Scrum', 'Correcta aplicación de la metodología Scrum', 25.00, 3), ('Uso de herramientas ágiles', 'Uso efectivo de herramientas para gestión ágil', 25.00, 3), ('Entregables incrementales', 'Calidad de los entregables incrementales', 25.00, 3), ('Retrospectivas', 'Calidad de las retrospectivas y mejora continua', 25.00, 3), ('Normalización', 'Nivel de normalización alcanzado en el diseño', 40.00, 4), ('Integridad referencial', 'Correcta implementación de la integridad referencial', 30.00, 4), ('Optimización', 'Optimización del diseño para el rendimiento', 30.00, 4), ('Calidad del Código', 'Evalúa la calidad y legibilidad del código fuente', 30.00, 5), ('Documentación', 'Evalúa la calidad y completitud de la documentación', 20.00, 5)
2025-06-02T20:36:04.209-05:00 DEBUG 82786 --- [lab-software-engineering-backend] [  restartedMain] o.s.jdbc.datasource.init.ScriptUtils     : 28 returned as update count for SQL: INSERT INTO NIVELES_DESEMPENO (DESCRIPCION, PUNTAJE, CRITERIO_ID) VALUES ('Excelente: Selecciona los patrones óptimos para el problema', 5.00, 1), ('Bueno: Selecciona patrones adecuados con pequeñas mejoras posibles', 4.00, 1), ('Regular: Selecciona algunos patrones adecuados pero con varias mejoras posibles', 3.00, 1), ('Deficiente: Selecciona patrones inadecuados o los implementa incorrectamente', 2.00, 1), ('Excelente: Implementación clara, eficiente y mantenible de los patrones', 5.00, 2), ('Bueno: Implementación correcta con pequeños problemas de mantenibilidad', 4.00, 2), ('Regular: Implementación funcional pero con problemas de diseño', 3.00, 2), ('Deficiente: Implementación incorrecta o muy difícil de mantener', 2.00, 2), ('Excelente: Documentación completa, clara y útil', 5.00, 3), ('Bueno: Documentación adecuada con pequeñas omisiones', 4.00, 3), ('Regular: Documentación básica con varias omisiones importantes', 3.00, 3), ('Deficiente: Documentación insuficiente o ausente', 2.00, 3), ('Excelente: >90% de cobertura en código crítico', 5.00, 4), ('Bueno: 75-90% de cobertura en código crítico', 4.00, 4), ('Regular: 50-75% de cobertura en código crítico', 3.00, 4), ('Deficiente: <50% de cobertura en código crítico', 2.00, 4), ('Excelente: Pruebas exhaustivas que validan todos los escenarios importantes', 5.00, 5), ('Bueno: Pruebas que cubren la mayoría de los escenarios importantes', 4.00, 5), ('Regular: Pruebas básicas que cubren algunos escenarios importantes', 3.00, 5), ('Deficiente: Pruebas insuficientes o que no validan escenarios importantes', 2.00, 5), ('Excelente: Código limpio, bien estructurado y altamente mantenible', 5.00, 14), ('Bueno: Código estructurado con algunos aspectos mejorables', 4.00, 14), ('Regular: Código funcional pero con problemas de estructura', 3.00, 14), ('Deficiente: Código desorganizado y difícil de mantener', 2.00, 14), ('Excelente: Documentación completa, clara y bien estructurada', 5.00, 15), ('Bueno: Documentación adecuada con pequeñas omisiones', 4.00, 15), ('Regular: Documentación básica con omisiones importantes', 3.00, 15), ('Deficiente: Documentación insuficiente o ausente', 2.00, 15)
2025-06-02T20:36:04.209-05:00 DEBUG 82786 --- [lab-software-engineering-backend] [  restartedMain] o.s.jdbc.datasource.init.ScriptUtils     : Executed SQL script from class path resource [data.sql] in 6 ms.
2025-06-02T20:36:04.212-05:00  INFO 82786 --- [lab-software-engineering-backend] [  restartedMain] o.s.b.a.h2.H2ConsoleAutoConfiguration    : H2 console available at '/h2-console'. Database available at 'jdbc:h2:mem:testdb'
2025-06-02T20:36:04.279-05:00  INFO 82786 --- [lab-software-engineering-backend] [  restartedMain] o.hibernate.jpa.internal.util.LogHelper  : HHH000204: Processing PersistenceUnitInfo [name: default]
2025-06-02T20:36:04.300-05:00  INFO 82786 --- [lab-software-engineering-backend] [  restartedMain] org.hibernate.Version                    : HHH000412: Hibernate ORM core version 6.2.13.Final
2025-06-02T20:36:04.300-05:00  INFO 82786 --- [lab-software-engineering-backend] [  restartedMain] org.hibernate.cfg.Environment            : HHH000406: Using bytecode reflection optimizer
2025-06-02T20:36:04.409-05:00  INFO 82786 --- [lab-software-engineering-backend] [  restartedMain] o.s.o.j.p.SpringPersistenceUnitInfo      : No LoadTimeWeaver setup: ignoring JPA class transformer
2025-06-02T20:36:04.424-05:00  WARN 82786 --- [lab-software-engineering-backend] [  restartedMain] org.hibernate.orm.deprecation            : HHH90000025: H2Dialect does not need to be specified explicitly using 'hibernate.dialect' (remove the property setting and it will be selected by default)
2025-06-02T20:36:04.818-05:00  INFO 82786 --- [lab-software-engineering-backend] [  restartedMain] o.h.e.t.j.p.i.JtaPlatformInitiator       : HHH000489: No JTA platform available (set 'hibernate.transaction.jta.platform' to enable JTA platform integration)
2025-06-02T20:36:04.831-05:00 DEBUG 82786 --- [lab-software-engineering-backend] [  restartedMain] org.hibernate.SQL                        : 
    create table "DOCENTE" (
        "ID" integer generated by default as identity,
        "ACTIVO" boolean not null,
        "APELLIDO" varchar(255) not null,
        "CORREO_ACADEMICO" varchar(255) not null,
        "IDENTIFICACION" varchar(255) not null,
        "NOMBRE" varchar(255) not null,
        "TIPO_DOCENTE" varchar(255) not null check ("TIPO_DOCENTE" in ('CATEDRA','TIEMPO_COMPLETO','PLANTA')),
        "TIPO_IDENTIFICACION" varchar(255) not null,
        "TITULO_ACADEMICO" varchar(255),
        "USUARIO_ID" integer,
        primary key ("ID")
    )
Hibernate: 
    create table "DOCENTE" (
        "ID" integer generated by default as identity,
        "ACTIVO" boolean not null,
        "APELLIDO" varchar(255) not null,
        "CORREO_ACADEMICO" varchar(255) not null,
        "IDENTIFICACION" varchar(255) not null,
        "NOMBRE" varchar(255) not null,
        "TIPO_DOCENTE" varchar(255) not null check ("TIPO_DOCENTE" in ('CATEDRA','TIEMPO_COMPLETO','PLANTA')),
        "TIPO_IDENTIFICACION" varchar(255) not null,
        "TITULO_ACADEMICO" varchar(255),
        "USUARIO_ID" integer,
        primary key ("ID")
    )
2025-06-02T20:36:04.832-05:00 DEBUG 82786 --- [lab-software-engineering-backend] [  restartedMain] org.hibernate.SQL                        : 
    create table "criterios" (
        "id" integer generated by default as identity,
        "descripcion" varchar(500) not null,
        "nombre" varchar(100) not null,
        "peso" float(53) not null,
        "rubrica_id" integer not null,
        primary key ("id")
    )
Hibernate: 
    create table "criterios" (
        "id" integer generated by default as identity,
        "descripcion" varchar(500) not null,
        "nombre" varchar(100) not null,
        "peso" float(53) not null,
        "rubrica_id" integer not null,
        primary key ("id")
    )
2025-06-02T20:36:04.832-05:00 DEBUG 82786 --- [lab-software-engineering-backend] [  restartedMain] org.hibernate.SQL                        : 
    create table "niveles_desempeno" (
        "id" integer generated by default as identity,
        "descripcion" varchar(500) not null,
        "puntaje" float(53) not null,
        "criterio_id" integer not null,
        primary key ("id")
    )
Hibernate: 
    create table "niveles_desempeno" (
        "id" integer generated by default as identity,
        "descripcion" varchar(500) not null,
        "puntaje" float(53) not null,
        "criterio_id" integer not null,
        primary key ("id")
    )
2025-06-02T20:36:04.833-05:00 DEBUG 82786 --- [lab-software-engineering-backend] [  restartedMain] org.hibernate.SQL                        : 
    create table "rubricas" (
        "id" integer generated by default as identity,
        "descripcion" varchar(500) not null,
        "estado" varchar(20) not null,
        "fecha_creacion" timestamp(6) not null,
        "nombre" varchar(100) not null,
        primary key ("id")
    )
Hibernate: 
    create table "rubricas" (
        "id" integer generated by default as identity,
        "descripcion" varchar(500) not null,
        "estado" varchar(20) not null,
        "fecha_creacion" timestamp(6) not null,
        "nombre" varchar(100) not null,
        primary key ("id")
    )
2025-06-02T20:36:04.833-05:00 DEBUG 82786 --- [lab-software-engineering-backend] [  restartedMain] org.hibernate.SQL                        : 
    alter table if exists "DOCENTE" 
       drop constraint if exists UK_m3fq56jx5jw3wgy4ep5cqlc6u
Hibernate: 
    alter table if exists "DOCENTE" 
       drop constraint if exists UK_m3fq56jx5jw3wgy4ep5cqlc6u
2025-06-02T20:36:04.833-05:00 DEBUG 82786 --- [lab-software-engineering-backend] [  restartedMain] org.hibernate.SQL                        : 
    alter table if exists "DOCENTE" 
       add constraint UK_m3fq56jx5jw3wgy4ep5cqlc6u unique ("CORREO_ACADEMICO")
Hibernate: 
    alter table if exists "DOCENTE" 
       add constraint UK_m3fq56jx5jw3wgy4ep5cqlc6u unique ("CORREO_ACADEMICO")
2025-06-02T20:36:04.834-05:00 DEBUG 82786 --- [lab-software-engineering-backend] [  restartedMain] org.hibernate.SQL                        : 
    alter table if exists "DOCENTE" 
       drop constraint if exists UK_d24pubbuailsjy1n3sqk51y2x
Hibernate: 
    alter table if exists "DOCENTE" 
       drop constraint if exists UK_d24pubbuailsjy1n3sqk51y2x
2025-06-02T20:36:04.834-05:00 DEBUG 82786 --- [lab-software-engineering-backend] [  restartedMain] org.hibernate.SQL                        : 
    alter table if exists "DOCENTE" 
       add constraint UK_d24pubbuailsjy1n3sqk51y2x unique ("IDENTIFICACION")
Hibernate: 
    alter table if exists "DOCENTE" 
       add constraint UK_d24pubbuailsjy1n3sqk51y2x unique ("IDENTIFICACION")
2025-06-02T20:36:04.834-05:00 DEBUG 82786 --- [lab-software-engineering-backend] [  restartedMain] org.hibernate.SQL                        : 
    alter table if exists "DOCENTE" 
       drop constraint if exists UK_endjh8rkg2b721cyo9vgub21i
Hibernate: 
    alter table if exists "DOCENTE" 
       drop constraint if exists UK_endjh8rkg2b721cyo9vgub21i
2025-06-02T20:36:04.834-05:00 DEBUG 82786 --- [lab-software-engineering-backend] [  restartedMain] org.hibernate.SQL                        : 
    alter table if exists "DOCENTE" 
       add constraint UK_endjh8rkg2b721cyo9vgub21i unique ("USUARIO_ID")
Hibernate: 
    alter table if exists "DOCENTE" 
       add constraint UK_endjh8rkg2b721cyo9vgub21i unique ("USUARIO_ID")
2025-06-02T20:36:04.834-05:00 DEBUG 82786 --- [lab-software-engineering-backend] [  restartedMain] org.hibernate.SQL                        : 
    alter table if exists "DOCENTE" 
       add constraint "FKbsf3rn2631kfk6y4lxmgkdm6h" 
       foreign key ("USUARIO_ID") 
       references "USUARIOS"
Hibernate: 
    alter table if exists "DOCENTE" 
       add constraint "FKbsf3rn2631kfk6y4lxmgkdm6h" 
       foreign key ("USUARIO_ID") 
       references "USUARIOS"
2025-06-02T20:36:04.835-05:00 DEBUG 82786 --- [lab-software-engineering-backend] [  restartedMain] org.hibernate.SQL                        : 
    alter table if exists "criterios" 
       add constraint "FK8sl8oqr195w2iy8eyoxr8mafy" 
       foreign key ("rubrica_id") 
       references "rubricas"
Hibernate: 
    alter table if exists "criterios" 
       add constraint "FK8sl8oqr195w2iy8eyoxr8mafy" 
       foreign key ("rubrica_id") 
       references "rubricas"
2025-06-02T20:36:04.835-05:00 DEBUG 82786 --- [lab-software-engineering-backend] [  restartedMain] org.hibernate.SQL                        : 
    alter table if exists "niveles_desempeno" 
       add constraint "FK5uuj4okk6ylvo52m84pcn3mne" 
       foreign key ("criterio_id") 
       references "criterios"
Hibernate: 
    alter table if exists "niveles_desempeno" 
       add constraint "FK5uuj4okk6ylvo52m84pcn3mne" 
       foreign key ("criterio_id") 
       references "criterios"
2025-06-02T20:36:04.836-05:00  INFO 82786 --- [lab-software-engineering-backend] [  restartedMain] j.LocalContainerEntityManagerFactoryBean : Initialized JPA EntityManagerFactory for persistence unit 'default'
2025-06-02T20:36:05.055-05:00  WARN 82786 --- [lab-software-engineering-backend] [  restartedMain] o.s.aop.framework.CglibAopProxy          : Unable to proxy interface-implementing method [public final void org.springframework.web.filter.OncePerRequestFilter.doFilter(jakarta.servlet.ServletRequest,jakarta.servlet.ServletResponse,jakarta.servlet.FilterChain) throws jakarta.servlet.ServletException,java.io.IOException] because it is marked as final, consider using interface-based JDK proxies instead.
2025-06-02T20:36:05.055-05:00  WARN 82786 --- [lab-software-engineering-backend] [  restartedMain] o.s.aop.framework.CglibAopProxy          : Unable to proxy interface-implementing method [public final void org.springframework.web.filter.GenericFilterBean.init(jakarta.servlet.FilterConfig) throws jakarta.servlet.ServletException] because it is marked as final, consider using interface-based JDK proxies instead.
2025-06-02T20:36:05.057-05:00  WARN 82786 --- [lab-software-engineering-backend] [  restartedMain] o.s.aop.framework.CglibAopProxy          : Unable to proxy interface-implementing method [public final void org.springframework.security.authentication.dao.AbstractUserDetailsAuthenticationProvider.afterPropertiesSet() throws java.lang.Exception] because it is marked as final, consider using interface-based JDK proxies instead.
2025-06-02T20:36:05.074-05:00 TRACE 82786 --- [lab-software-engineering-backend] [  restartedMain] eGlobalAuthenticationAutowiredConfigurer : Eagerly initializing {securityConfig=co.edu.unicauca.distribuidos.core.usuarios.config.SecurityConfig$$SpringCGLIB$$0@4f9002f9}
2025-06-02T20:36:05.141-05:00  WARN 82786 --- [lab-software-engineering-backend] [  restartedMain] JpaBaseConfiguration$JpaWebConfiguration : spring.jpa.open-in-view is enabled by default. Therefore, database queries may be performed during view rendering. Explicitly configure spring.jpa.open-in-view to disable this warning
2025-06-02T20:36:05.179-05:00 DEBUG 82786 --- [lab-software-engineering-backend] [  restartedMain] o.s.s.a.h.RoleHierarchyImpl              : setHierarchy() - The following role hierarchy was set: ROLE_COORDINADOR > ROLE_DOCENTE > ROLE_USER
2025-06-02T20:36:05.180-05:00 DEBUG 82786 --- [lab-software-engineering-backend] [  restartedMain] o.s.s.a.h.RoleHierarchyImpl              : buildRolesReachableInOneStepMap() - From role ROLE_COORDINADOR one can reach role ROLE_DOCENTE in one step.
2025-06-02T20:36:05.180-05:00 DEBUG 82786 --- [lab-software-engineering-backend] [  restartedMain] o.s.s.a.h.RoleHierarchyImpl              : buildRolesReachableInOneStepMap() - From role ROLE_DOCENTE one can reach role ROLE_USER in one step.
2025-06-02T20:36:05.180-05:00 DEBUG 82786 --- [lab-software-engineering-backend] [  restartedMain] o.s.s.a.h.RoleHierarchyImpl              : buildRolesReachableInOneOrMoreStepsMap() - From role ROLE_DOCENTE one can reach [ROLE_USER] in one or more steps.
2025-06-02T20:36:05.180-05:00 DEBUG 82786 --- [lab-software-engineering-backend] [  restartedMain] o.s.s.a.h.RoleHierarchyImpl              : buildRolesReachableInOneOrMoreStepsMap() - From role ROLE_COORDINADOR one can reach [ROLE_USER, ROLE_DOCENTE] in one or more steps.
2025-06-02T20:36:05.358-05:00  INFO 82786 --- [lab-software-engineering-backend] [  restartedMain] o.s.b.a.e.web.EndpointLinksResolver      : Exposing 3 endpoint(s) beneath base path '/actuator'
2025-06-02T20:36:05.419-05:00  INFO 82786 --- [lab-software-engineering-backend] [  restartedMain] o.s.s.web.DefaultSecurityFilterChain     : Will secure any request with [org.springframework.security.web.session.DisableEncodeUrlFilter@892d92e, org.springframework.security.web.context.request.async.WebAsyncManagerIntegrationFilter@7d5e12e2, org.springframework.security.web.context.SecurityContextHolderFilter@60e10fc6, org.springframework.web.filter.CorsFilter@1246119d, org.springframework.security.web.authentication.logout.LogoutFilter@3e11185c, co.edu.unicauca.distribuidos.core.usuarios.jwt.JwtAuthenticationFilter@181e1f29, org.springframework.security.web.savedrequest.RequestCacheAwareFilter@6c7ee3dc, org.springframework.security.web.servletapi.SecurityContextHolderAwareRequestFilter@5c6b2b4d, org.springframework.security.web.authentication.AnonymousAuthenticationFilter@5ac05087, org.springframework.security.web.session.SessionManagementFilter@6d160edb, org.springframework.security.web.access.ExceptionTranslationFilter@64d202b, org.springframework.security.web.access.intercept.AuthorizationFilter@24492019]
2025-06-02T20:36:05.588-05:00 DEBUG 82786 --- [lab-software-engineering-backend] [  restartedMain] o.s.jdbc.datasource.init.ScriptUtils     : Executing SQL script from file [/Users/danielceron/Documents/lab-software-engeneering-3/theory/backend/target/classes/schema.sql]
2025-06-02T20:36:05.589-05:00 DEBUG 82786 --- [lab-software-engineering-backend] [  restartedMain] o.s.jdbc.datasource.init.ScriptUtils     : 0 returned as update count for SQL: DROP TABLE IF EXISTS NIVELES_DESEMPENO
2025-06-02T20:36:05.589-05:00 DEBUG 82786 --- [lab-software-engineering-backend] [  restartedMain] o.s.jdbc.datasource.init.ScriptUtils     : 0 returned as update count for SQL: DROP TABLE IF EXISTS CRITERIOS
2025-06-02T20:36:05.589-05:00 DEBUG 82786 --- [lab-software-engineering-backend] [  restartedMain] o.s.jdbc.datasource.init.ScriptUtils     : 0 returned as update count for SQL: DROP TABLE IF EXISTS RUBRICAS
2025-06-02T20:36:05.590-05:00 DEBUG 82786 --- [lab-software-engineering-backend] [  restartedMain] o.s.jdbc.datasource.init.ScriptUtils     : 0 returned as update count for SQL: DROP TABLE IF EXISTS DOCENTE
2025-06-02T20:36:05.590-05:00 DEBUG 82786 --- [lab-software-engineering-backend] [  restartedMain] o.s.jdbc.datasource.init.ScriptUtils     : 0 returned as update count for SQL: DROP TABLE IF EXISTS USUARIOS
2025-06-02T20:36:05.590-05:00 DEBUG 82786 --- [lab-software-engineering-backend] [  restartedMain] o.s.jdbc.datasource.init.ScriptUtils     : 0 returned as update count for SQL: CREATE TABLE USUARIOS ( ID INT AUTO_INCREMENT PRIMARY KEY, USERNAME VARCHAR(50) NOT NULL UNIQUE, PASSWORD_HASH VARCHAR(255) NOT NULL, ROL VARCHAR(20) NOT NULL, ENABLED BOOLEAN NOT NULL DEFAULT TRUE, ACCOUNT_NON_EXPIRED BOOLEAN NOT NULL DEFAULT TRUE, ACCOUNT_NON_LOCKED BOOLEAN NOT NULL DEFAULT TRUE, CREDENTIALS_NON_EXPIRED BOOLEAN NOT NULL DEFAULT TRUE )
2025-06-02T20:36:05.590-05:00 DEBUG 82786 --- [lab-software-engineering-backend] [  restartedMain] o.s.jdbc.datasource.init.ScriptUtils     : 0 returned as update count for SQL: CREATE INDEX IDX_USUARIOS_USERNAME ON USUARIOS(USERNAME)
2025-06-02T20:36:05.590-05:00 DEBUG 82786 --- [lab-software-engineering-backend] [  restartedMain] o.s.jdbc.datasource.init.ScriptUtils     : 0 returned as update count for SQL: CREATE INDEX IDX_USUARIOS_ROL ON USUARIOS(ROL)
2025-06-02T20:36:05.591-05:00 DEBUG 82786 --- [lab-software-engineering-backend] [  restartedMain] o.s.jdbc.datasource.init.ScriptUtils     : 0 returned as update count for SQL: CREATE TABLE RUBRICAS ( ID INT AUTO_INCREMENT PRIMARY KEY, NOMBRE VARCHAR(100) NOT NULL, DESCRIPCION VARCHAR(500) NOT NULL, FECHA_CREACION TIMESTAMP DEFAULT CURRENT_TIMESTAMP, ESTADO VARCHAR(20) DEFAULT 'ACTIVO' )
2025-06-02T20:36:05.591-05:00 DEBUG 82786 --- [lab-software-engineering-backend] [  restartedMain] o.s.jdbc.datasource.init.ScriptUtils     : 0 returned as update count for SQL: CREATE INDEX IDX_RUBRICAS_ESTADO ON RUBRICAS(ESTADO)
2025-06-02T20:36:05.591-05:00 DEBUG 82786 --- [lab-software-engineering-backend] [  restartedMain] o.s.jdbc.datasource.init.ScriptUtils     : 0 returned as update count for SQL: CREATE TABLE CRITERIOS ( ID INT AUTO_INCREMENT PRIMARY KEY, NOMBRE VARCHAR(100) NOT NULL, DESCRIPCION VARCHAR(500) NOT NULL, PESO DECIMAL(5,2) NOT NULL, RUBRICA_ID INT NOT NULL, FOREIGN KEY (RUBRICA_ID) REFERENCES RUBRICAS(ID) ON DELETE CASCADE )
2025-06-02T20:36:05.592-05:00 DEBUG 82786 --- [lab-software-engineering-backend] [  restartedMain] o.s.jdbc.datasource.init.ScriptUtils     : 0 returned as update count for SQL: CREATE INDEX IDX_CRITERIOS_RUBRICA ON CRITERIOS(RUBRICA_ID)
2025-06-02T20:36:05.592-05:00 DEBUG 82786 --- [lab-software-engineering-backend] [  restartedMain] o.s.jdbc.datasource.init.ScriptUtils     : 0 returned as update count for SQL: CREATE TABLE NIVELES_DESEMPENO ( ID INT AUTO_INCREMENT PRIMARY KEY, DESCRIPCION VARCHAR(500) NOT NULL, PUNTAJE DECIMAL(5,2) NOT NULL, CRITERIO_ID INT NOT NULL, FOREIGN KEY (CRITERIO_ID) REFERENCES CRITERIOS(ID) ON DELETE CASCADE )
2025-06-02T20:36:05.592-05:00 DEBUG 82786 --- [lab-software-engineering-backend] [  restartedMain] o.s.jdbc.datasource.init.ScriptUtils     : 0 returned as update count for SQL: CREATE INDEX IDX_NIVELES_CRITERIO ON NIVELES_DESEMPENO(CRITERIO_ID)
2025-06-02T20:36:05.592-05:00 DEBUG 82786 --- [lab-software-engineering-backend] [  restartedMain] o.s.jdbc.datasource.init.ScriptUtils     : Executed SQL script from file [/Users/danielceron/Documents/lab-software-engeneering-3/theory/backend/target/classes/schema.sql] in 4 ms.
2025-06-02T20:36:05.593-05:00 DEBUG 82786 --- [lab-software-engineering-backend] [  restartedMain] o.s.jdbc.datasource.init.ScriptUtils     : Executing SQL script from file [/Users/danielceron/Documents/lab-software-engeneering-3/theory/backend/target/classes/data.sql]
2025-06-02T20:36:05.594-05:00 DEBUG 82786 --- [lab-software-engineering-backend] [  restartedMain] o.s.jdbc.datasource.init.ScriptUtils     : 6 returned as update count for SQL: INSERT INTO USUARIOS (USERNAME, PASSWORD_HASH, ROL, ENABLED, ACCOUNT_NON_EXPIRED, ACCOUNT_NON_LOCKED, CREDENTIALS_NON_EXPIRED) VALUES ('admin', '$2a$10$DzKRNGXAgXEjJ10JFUBAcepzN3hh.BXfYWC5/oiC/rcYL2Ml7Y3IG', 'COORDINADOR', TRUE, TRUE, TRUE, TRUE), ('coordinador','$2a$10$DzKRNGXAgXEjJ10JFUBAcepzN3hh.BXfYWC5/oiC/rcYL2Ml7Y3IG', 'COORDINADOR', TRUE, TRUE, TRUE, TRUE), ('docente', '$2a$10$DzKRNGXAgXEjJ10JFUBAcepzN3hh.BXfYWC5/oiC/rcYL2Ml7Y3IG', 'DOCENTE', TRUE, TRUE, TRUE, TRUE), ('user', '$2a$10$DzKRNGXAgXEjJ10JFUBAcepzN3hh.BXfYWC5/oiC/rcYL2Ml7Y3IG', 'DOCENTE', TRUE, TRUE, TRUE, TRUE), ('evaluador', '$2a$10$DzKRNGXAgXEjJ10JFUBAcepzN3hh.BXfYWC5/oiC/rcYL2Ml7Y3IG', 'EVALUADOR_EXTERNO', TRUE, TRUE, TRUE, TRUE), ('COORDINADOR','$2a$10$DzKRNGXAgXEjJ10JFUBAcepzN3hh.BXfYWC5/oiC/rcYL2Ml7Y3IG', 'COORDINADOR', TRUE, TRUE, TRUE, TRUE)
2025-06-02T20:36:05.594-05:00 DEBUG 82786 --- [lab-software-engineering-backend] [  restartedMain] o.s.jdbc.datasource.init.ScriptUtils     : 5 returned as update count for SQL: INSERT INTO RUBRICAS (NOMBRE, DESCRIPCION, FECHA_CREACION, ESTADO) VALUES ('Rúbrica para Patrones de Diseño', 'Evaluación de la aplicación de patrones de diseño en proyectos de software', '2024-05-15', 'ACTIVO'), ('Rúbrica para Pruebas Unitarias', 'Evaluación de la implementación de pruebas unitarias en proyectos de software', '2024-05-20', 'ACTIVO'), ('Rúbrica para Metodologías Ágiles', 'Evaluación de la aplicación de metodologías ágiles en proyectos', '2024-05-25', 'ACTIVO'), ('Rúbrica para Diseño de BD', 'Evaluación del diseño de bases de datos relacionales', '2024-06-01', 'ACTIVO'), ('Rúbrica de Programación', 'Evaluación de habilidades de programación', CURRENT_TIMESTAMP, 'ACTIVO')
2025-06-02T20:36:05.594-05:00 DEBUG 82786 --- [lab-software-engineering-backend] [  restartedMain] o.s.jdbc.datasource.init.ScriptUtils     : 15 returned as update count for SQL: INSERT INTO CRITERIOS (NOMBRE, DESCRIPCION, PESO, RUBRICA_ID) VALUES ('Selección de patrones', 'Correcta selección e implementación de patrones de diseño adecuados al problema', 30.00, 1), ('Implementación', 'Calidad en la implementación de los patrones seleccionados', 40.00, 1), ('Documentación', 'Documentación clara y completa de los patrones utilizados', 30.00, 1), ('Cobertura de pruebas', 'Porcentaje del código cubierto por pruebas unitarias', 35.00, 2), ('Calidad de pruebas', 'Calidad y efectividad de las pruebas implementadas', 35.00, 2), ('Automatización', 'Nivel de automatización de las pruebas', 30.00, 2), ('Aplicación del Scrum', 'Correcta aplicación de la metodología Scrum', 25.00, 3), ('Uso de herramientas ágiles', 'Uso efectivo de herramientas para gestión ágil', 25.00, 3), ('Entregables incrementales', 'Calidad de los entregables incrementales', 25.00, 3), ('Retrospectivas', 'Calidad de las retrospectivas y mejora continua', 25.00, 3), ('Normalización', 'Nivel de normalización alcanzado en el diseño', 40.00, 4), ('Integridad referencial', 'Correcta implementación de la integridad referencial', 30.00, 4), ('Optimización', 'Optimización del diseño para el rendimiento', 30.00, 4), ('Calidad del Código', 'Evalúa la calidad y legibilidad del código fuente', 30.00, 5), ('Documentación', 'Evalúa la calidad y completitud de la documentación', 20.00, 5)
2025-06-02T20:36:05.595-05:00 DEBUG 82786 --- [lab-software-engineering-backend] [  restartedMain] o.s.jdbc.datasource.init.ScriptUtils     : 28 returned as update count for SQL: INSERT INTO NIVELES_DESEMPENO (DESCRIPCION, PUNTAJE, CRITERIO_ID) VALUES ('Excelente: Selecciona los patrones óptimos para el problema', 5.00, 1), ('Bueno: Selecciona patrones adecuados con pequeñas mejoras posibles', 4.00, 1), ('Regular: Selecciona algunos patrones adecuados pero con varias mejoras posibles', 3.00, 1), ('Deficiente: Selecciona patrones inadecuados o los implementa incorrectamente', 2.00, 1), ('Excelente: Implementación clara, eficiente y mantenible de los patrones', 5.00, 2), ('Bueno: Implementación correcta con pequeños problemas de mantenibilidad', 4.00, 2), ('Regular: Implementación funcional pero con problemas de diseño', 3.00, 2), ('Deficiente: Implementación incorrecta o muy difícil de mantener', 2.00, 2), ('Excelente: Documentación completa, clara y útil', 5.00, 3), ('Bueno: Documentación adecuada con pequeñas omisiones', 4.00, 3), ('Regular: Documentación básica con varias omisiones importantes', 3.00, 3), ('Deficiente: Documentación insuficiente o ausente', 2.00, 3), ('Excelente: >90% de cobertura en código crítico', 5.00, 4), ('Bueno: 75-90% de cobertura en código crítico', 4.00, 4), ('Regular: 50-75% de cobertura en código crítico', 3.00, 4), ('Deficiente: <50% de cobertura en código crítico', 2.00, 4), ('Excelente: Pruebas exhaustivas que validan todos los escenarios importantes', 5.00, 5), ('Bueno: Pruebas que cubren la mayoría de los escenarios importantes', 4.00, 5), ('Regular: Pruebas básicas que cubren algunos escenarios importantes', 3.00, 5), ('Deficiente: Pruebas insuficientes o que no validan escenarios importantes', 2.00, 5), ('Excelente: Código limpio, bien estructurado y altamente mantenible', 5.00, 14), ('Bueno: Código estructurado con algunos aspectos mejorables', 4.00, 14), ('Regular: Código funcional pero con problemas de estructura', 3.00, 14), ('Deficiente: Código desorganizado y difícil de mantener', 2.00, 14), ('Excelente: Documentación completa, clara y bien estructurada', 5.00, 15), ('Bueno: Documentación adecuada con pequeñas omisiones', 4.00, 15), ('Regular: Documentación básica con omisiones importantes', 3.00, 15), ('Deficiente: Documentación insuficiente o ausente', 2.00, 15)
2025-06-02T20:36:05.595-05:00 DEBUG 82786 --- [lab-software-engineering-backend] [  restartedMain] o.s.jdbc.datasource.init.ScriptUtils     : Executed SQL script from file [/Users/danielceron/Documents/lab-software-engeneering-3/theory/backend/target/classes/data.sql] in 2 ms.
2025-06-02T20:36:05.629-05:00  INFO 82786 --- [lab-software-engineering-backend] [  restartedMain] o.s.b.d.a.OptionalLiveReloadServer       : LiveReload server is running on port 35729
2025-06-02T20:36:05.649-05:00  INFO 82786 --- [lab-software-engineering-backend] [  restartedMain] o.s.b.w.embedded.tomcat.TomcatWebServer  : Tomcat started on port 8082 (http) with context path '/api'
2025-06-02T20:36:05.656-05:00  INFO 82786 --- [lab-software-engineering-backend] [  restartedMain] .u.d.c.ProyectoApiRestClienteApplication : Started ProyectoApiRestClienteApplication in 2.342 seconds (process running for 2.474)
2025-06-02T20:36:12.008-05:00  INFO 82786 --- [lab-software-engineering-backend] [nio-8082-exec-1] o.a.c.c.C.[Tomcat].[localhost].[/api]    : Initializing Spring DispatcherServlet 'dispatcherServlet'
2025-06-02T20:36:12.008-05:00  INFO 82786 --- [lab-software-engineering-backend] [nio-8082-exec-1] o.s.web.servlet.DispatcherServlet        : Initializing Servlet 'dispatcherServlet'
2025-06-02T20:36:12.009-05:00  INFO 82786 --- [lab-software-engineering-backend] [nio-8082-exec-1] o.s.web.servlet.DispatcherServlet        : Completed initialization in 1 ms
2025-06-02T20:36:12.015-05:00 TRACE 82786 --- [lab-software-engineering-backend] [nio-8082-exec-1] o.s.security.web.FilterChainProxy        : Trying to match request against DefaultSecurityFilterChain [RequestMatcher=any request, Filters=[org.springframework.security.web.session.DisableEncodeUrlFilter@892d92e, org.springframework.security.web.context.request.async.WebAsyncManagerIntegrationFilter@7d5e12e2, org.springframework.security.web.context.SecurityContextHolderFilter@60e10fc6, org.springframework.web.filter.CorsFilter@1246119d, org.springframework.security.web.authentication.logout.LogoutFilter@3e11185c, co.edu.unicauca.distribuidos.core.usuarios.jwt.JwtAuthenticationFilter@181e1f29, org.springframework.security.web.savedrequest.RequestCacheAwareFilter@6c7ee3dc, org.springframework.security.web.servletapi.SecurityContextHolderAwareRequestFilter@5c6b2b4d, org.springframework.security.web.authentication.AnonymousAuthenticationFilter@5ac05087, org.springframework.security.web.session.SessionManagementFilter@6d160edb, org.springframework.security.web.access.ExceptionTranslationFilter@64d202b, org.springframework.security.web.access.intercept.AuthorizationFilter@24492019]] (1/1)
2025-06-02T20:36:12.015-05:00 DEBUG 82786 --- [lab-software-engineering-backend] [nio-8082-exec-1] o.s.security.web.FilterChainProxy        : Securing POST /auth/login
2025-06-02T20:36:12.016-05:00 TRACE 82786 --- [lab-software-engineering-backend] [nio-8082-exec-1] o.s.security.web.FilterChainProxy        : Invoking DisableEncodeUrlFilter (1/12)
2025-06-02T20:36:12.017-05:00 TRACE 82786 --- [lab-software-engineering-backend] [nio-8082-exec-1] o.s.security.web.FilterChainProxy        : Invoking WebAsyncManagerIntegrationFilter (2/12)
2025-06-02T20:36:12.018-05:00 TRACE 82786 --- [lab-software-engineering-backend] [nio-8082-exec-1] o.s.security.web.FilterChainProxy        : Invoking SecurityContextHolderFilter (3/12)
2025-06-02T20:36:12.018-05:00 TRACE 82786 --- [lab-software-engineering-backend] [nio-8082-exec-1] o.s.security.web.FilterChainProxy        : Invoking CorsFilter (4/12)
2025-06-02T20:36:12.018-05:00 TRACE 82786 --- [lab-software-engineering-backend] [nio-8082-exec-1] o.s.security.web.FilterChainProxy        : Invoking LogoutFilter (5/12)
2025-06-02T20:36:12.018-05:00 TRACE 82786 --- [lab-software-engineering-backend] [nio-8082-exec-1] o.s.s.w.a.logout.LogoutFilter            : Did not match request to Or [Ant [pattern='/logout', GET], Ant [pattern='/logout', POST], Ant [pattern='/logout', PUT], Ant [pattern='/logout', DELETE]]
2025-06-02T20:36:12.018-05:00 TRACE 82786 --- [lab-software-engineering-backend] [nio-8082-exec-1] o.s.security.web.FilterChainProxy        : Invoking JwtAuthenticationFilter$$SpringCGLIB$$0 (6/12)
2025-06-02T20:36:12.019-05:00  INFO 82786 --- [lab-software-engineering-backend] [nio-8082-exec-1] c.e.u.d.c.u.jwt.JwtAuthenticationFilter  : AUTH PATH: Skipping JWT filter for path: /auth/login
2025-06-02T20:36:12.019-05:00 TRACE 82786 --- [lab-software-engineering-backend] [nio-8082-exec-1] o.s.security.web.FilterChainProxy        : Invoking RequestCacheAwareFilter (7/12)
2025-06-02T20:36:12.019-05:00 TRACE 82786 --- [lab-software-engineering-backend] [nio-8082-exec-1] o.s.security.web.FilterChainProxy        : Invoking SecurityContextHolderAwareRequestFilter (8/12)
2025-06-02T20:36:12.019-05:00 TRACE 82786 --- [lab-software-engineering-backend] [nio-8082-exec-1] o.s.security.web.FilterChainProxy        : Invoking AnonymousAuthenticationFilter (9/12)
2025-06-02T20:36:12.019-05:00 TRACE 82786 --- [lab-software-engineering-backend] [nio-8082-exec-1] o.s.security.web.FilterChainProxy        : Invoking SessionManagementFilter (10/12)
2025-06-02T20:36:12.019-05:00 TRACE 82786 --- [lab-software-engineering-backend] [nio-8082-exec-1] .s.s.w.c.SupplierDeferredSecurityContext : Created SecurityContextImpl [Null authentication]
2025-06-02T20:36:12.020-05:00 TRACE 82786 --- [lab-software-engineering-backend] [nio-8082-exec-1] o.s.s.w.a.AnonymousAuthenticationFilter  : Set SecurityContextHolder to AnonymousAuthenticationToken [Principal=anonymousUser, Credentials=[PROTECTED], Authenticated=true, Details=WebAuthenticationDetails [RemoteIpAddress=0:0:0:0:0:0:0:1, SessionId=null], Granted Authorities=[ROLE_ANONYMOUS]]
2025-06-02T20:36:12.020-05:00 TRACE 82786 --- [lab-software-engineering-backend] [nio-8082-exec-1] o.s.security.web.FilterChainProxy        : Invoking ExceptionTranslationFilter (11/12)
2025-06-02T20:36:12.020-05:00 TRACE 82786 --- [lab-software-engineering-backend] [nio-8082-exec-1] o.s.security.web.FilterChainProxy        : Invoking AuthorizationFilter (12/12)
2025-06-02T20:36:12.020-05:00 TRACE 82786 --- [lab-software-engineering-backend] [nio-8082-exec-1] estMatcherDelegatingAuthorizationManager : Authorizing SecurityContextHolderAwareRequestWrapper[ FirewalledRequest[ org.apache.catalina.connector.RequestFacade@44034ef]]
2025-06-02T20:36:12.020-05:00 TRACE 82786 --- [lab-software-engineering-backend] [nio-8082-exec-1] estMatcherDelegatingAuthorizationManager : Checking authorization on SecurityContextHolderAwareRequestWrapper[ FirewalledRequest[ org.apache.catalina.connector.RequestFacade@44034ef]] using org.springframework.security.config.annotation.web.configurers.AuthorizeHttpRequestsConfigurer$$Lambda/0x000000e001a0ee78@61ef476e
2025-06-02T20:36:12.022-05:00 DEBUG 82786 --- [lab-software-engineering-backend] [nio-8082-exec-1] o.s.security.web.FilterChainProxy        : Secured POST /auth/login
2025-06-02T20:36:12.022-05:00  INFO 82786 --- [lab-software-engineering-backend] [nio-8082-exec-1] c.e.u.d.c.u.jwt.JwtAuthenticationFilter  : AUTH PATH: Skipping JWT filter for path: /auth/login
2025-06-02T20:36:12.059-05:00 DEBUG 82786 --- [lab-software-engineering-backend] [nio-8082-exec-1] horizationManagerBeforeMethodInterceptor : Authorizing method invocation ReflectiveMethodInvocation: public org.springframework.http.ResponseEntity co.edu.unicauca.distribuidos.core.usuarios.controladores.AuthController.login(co.edu.unicauca.distribuidos.core.usuarios.servicios.dto.AuthRequestDTO); target is of class [co.edu.unicauca.distribuidos.core.usuarios.controladores.AuthController]
2025-06-02T20:36:12.059-05:00 DEBUG 82786 --- [lab-software-engineering-backend] [nio-8082-exec-1] horizationManagerBeforeMethodInterceptor : Authorized method invocation ReflectiveMethodInvocation: public org.springframework.http.ResponseEntity co.edu.unicauca.distribuidos.core.usuarios.controladores.AuthController.login(co.edu.unicauca.distribuidos.core.usuarios.servicios.dto.AuthRequestDTO); target is of class [co.edu.unicauca.distribuidos.core.usuarios.controladores.AuthController]
2025-06-02T20:36:12.060-05:00  INFO 82786 --- [lab-software-engineering-backend] [nio-8082-exec-1] c.e.u.d.c.u.servicios.AuthServiceImpl    : Processing login request for user: COORDINADOR2
2025-06-02T20:36:12.060-05:00 TRACE 82786 --- [lab-software-engineering-backend] [nio-8082-exec-1] o.s.s.authentication.ProviderManager     : Authenticating request with DaoAuthenticationProvider (1/1)
2025-06-02T20:36:12.198-05:00 DEBUG 82786 --- [lab-software-engineering-backend] [nio-8082-exec-1] o.s.s.a.dao.DaoAuthenticationProvider    : Failed to find user 'COORDINADOR2'
2025-06-02T20:36:12.210-05:00  WARN 82786 --- [lab-software-engineering-backend] [nio-8082-exec-1] .m.m.a.ExceptionHandlerExceptionResolver : Resolved [org.springframework.security.authentication.BadCredentialsException: Bad credentials]
2025-06-02T20:36:46.114-05:00 TRACE 82786 --- [lab-software-engineering-backend] [nio-8082-exec-3] o.s.security.web.FilterChainProxy        : Trying to match request against DefaultSecurityFilterChain [RequestMatcher=any request, Filters=[org.springframework.security.web.session.DisableEncodeUrlFilter@892d92e, org.springframework.security.web.context.request.async.WebAsyncManagerIntegrationFilter@7d5e12e2, org.springframework.security.web.context.SecurityContextHolderFilter@60e10fc6, org.springframework.web.filter.CorsFilter@1246119d, org.springframework.security.web.authentication.logout.LogoutFilter@3e11185c, co.edu.unicauca.distribuidos.core.usuarios.jwt.JwtAuthenticationFilter@181e1f29, org.springframework.security.web.savedrequest.RequestCacheAwareFilter@6c7ee3dc, org.springframework.security.web.servletapi.SecurityContextHolderAwareRequestFilter@5c6b2b4d, org.springframework.security.web.authentication.AnonymousAuthenticationFilter@5ac05087, org.springframework.security.web.session.SessionManagementFilter@6d160edb, org.springframework.security.web.access.ExceptionTranslationFilter@64d202b, org.springframework.security.web.access.intercept.AuthorizationFilter@24492019]] (1/1)
2025-06-02T20:36:46.115-05:00 DEBUG 82786 --- [lab-software-engineering-backend] [nio-8082-exec-3] o.s.security.web.FilterChainProxy        : Securing GET /rubricas
2025-06-02T20:36:46.115-05:00 TRACE 82786 --- [lab-software-engineering-backend] [nio-8082-exec-3] o.s.security.web.FilterChainProxy        : Invoking DisableEncodeUrlFilter (1/12)
2025-06-02T20:36:46.115-05:00 TRACE 82786 --- [lab-software-engineering-backend] [nio-8082-exec-3] o.s.security.web.FilterChainProxy        : Invoking WebAsyncManagerIntegrationFilter (2/12)
2025-06-02T20:36:46.115-05:00 TRACE 82786 --- [lab-software-engineering-backend] [nio-8082-exec-3] o.s.security.web.FilterChainProxy        : Invoking SecurityContextHolderFilter (3/12)
2025-06-02T20:36:46.115-05:00 TRACE 82786 --- [lab-software-engineering-backend] [nio-8082-exec-3] o.s.security.web.FilterChainProxy        : Invoking CorsFilter (4/12)
2025-06-02T20:36:46.115-05:00 TRACE 82786 --- [lab-software-engineering-backend] [nio-8082-exec-3] o.s.security.web.FilterChainProxy        : Invoking LogoutFilter (5/12)
2025-06-02T20:36:46.116-05:00 TRACE 82786 --- [lab-software-engineering-backend] [nio-8082-exec-3] o.s.s.w.a.logout.LogoutFilter            : Did not match request to Or [Ant [pattern='/logout', GET], Ant [pattern='/logout', POST], Ant [pattern='/logout', PUT], Ant [pattern='/logout', DELETE]]
2025-06-02T20:36:46.116-05:00 TRACE 82786 --- [lab-software-engineering-backend] [nio-8082-exec-3] o.s.security.web.FilterChainProxy        : Invoking JwtAuthenticationFilter$$SpringCGLIB$$0 (6/12)
2025-06-02T20:36:46.139-05:00 TRACE 82786 --- [lab-software-engineering-backend] [nio-8082-exec-3] .s.s.w.c.SupplierDeferredSecurityContext : Created SecurityContextImpl [Null authentication]
2025-06-02T20:36:46.139-05:00 TRACE 82786 --- [lab-software-engineering-backend] [nio-8082-exec-3] o.s.security.web.FilterChainProxy        : Invoking RequestCacheAwareFilter (7/12)
2025-06-02T20:36:46.139-05:00 TRACE 82786 --- [lab-software-engineering-backend] [nio-8082-exec-3] o.s.security.web.FilterChainProxy        : Invoking SecurityContextHolderAwareRequestFilter (8/12)
2025-06-02T20:36:46.139-05:00 TRACE 82786 --- [lab-software-engineering-backend] [nio-8082-exec-3] o.s.security.web.FilterChainProxy        : Invoking AnonymousAuthenticationFilter (9/12)
2025-06-02T20:36:46.139-05:00 TRACE 82786 --- [lab-software-engineering-backend] [nio-8082-exec-3] o.s.security.web.FilterChainProxy        : Invoking SessionManagementFilter (10/12)
2025-06-02T20:36:46.140-05:00 TRACE 82786 --- [lab-software-engineering-backend] [nio-8082-exec-3] o.s.s.w.a.AnonymousAuthenticationFilter  : Did not set SecurityContextHolder since already authenticated UsernamePasswordAuthenticationToken [Principal=COORDINADOR2, Credentials=[PROTECTED], Authenticated=true, Details=WebAuthenticationDetails [RemoteIpAddress=0:0:0:0:0:0:0:1, SessionId=null], Granted Authorities=[ROLE_COORDINADOR]]
2025-06-02T20:36:46.140-05:00 TRACE 82786 --- [lab-software-engineering-backend] [nio-8082-exec-3] s.CompositeSessionAuthenticationStrategy : Preparing session with ChangeSessionIdAuthenticationStrategy (1/1)
2025-06-02T20:36:46.140-05:00 TRACE 82786 --- [lab-software-engineering-backend] [nio-8082-exec-3] o.s.security.web.FilterChainProxy        : Invoking ExceptionTranslationFilter (11/12)
2025-06-02T20:36:46.140-05:00 TRACE 82786 --- [lab-software-engineering-backend] [nio-8082-exec-3] o.s.security.web.FilterChainProxy        : Invoking AuthorizationFilter (12/12)
2025-06-02T20:36:46.140-05:00 TRACE 82786 --- [lab-software-engineering-backend] [nio-8082-exec-3] estMatcherDelegatingAuthorizationManager : Authorizing SecurityContextHolderAwareRequestWrapper[ FirewalledRequest[ org.apache.catalina.connector.RequestFacade@3bf51eb0]]
2025-06-02T20:36:46.140-05:00 TRACE 82786 --- [lab-software-engineering-backend] [nio-8082-exec-3] estMatcherDelegatingAuthorizationManager : Checking authorization on SecurityContextHolderAwareRequestWrapper[ FirewalledRequest[ org.apache.catalina.connector.RequestFacade@3bf51eb0]] using org.springframework.security.authorization.AuthenticatedAuthorizationManager@629d87b6
2025-06-02T20:36:46.141-05:00 DEBUG 82786 --- [lab-software-engineering-backend] [nio-8082-exec-3] o.s.security.web.FilterChainProxy        : Secured GET /rubricas
2025-06-02T20:36:46.142-05:00 DEBUG 82786 --- [lab-software-engineering-backend] [nio-8082-exec-3] horizationManagerBeforeMethodInterceptor : Authorizing method invocation ReflectiveMethodInvocation: public org.springframework.http.ResponseEntity co.edu.unicauca.distribuidos.core.rubrica.controladores.RubricasController.listarRubricas(); target is of class [co.edu.unicauca.distribuidos.core.rubrica.controladores.RubricasController]
2025-06-02T20:36:46.155-05:00 DEBUG 82786 --- [lab-software-engineering-backend] [nio-8082-exec-3] horizationManagerBeforeMethodInterceptor : Authorized method invocation ReflectiveMethodInvocation: public org.springframework.http.ResponseEntity co.edu.unicauca.distribuidos.core.rubrica.controladores.RubricasController.listarRubricas(); target is of class [co.edu.unicauca.distribuidos.core.rubrica.controladores.RubricasController]
2025-06-02T20:36:46.159-05:00  INFO 82786 --- [lab-software-engineering-backend] [nio-8082-exec-3] c.e.u.d.c.r.c.RubricasController         : Solicitando lista de rúbricas
2025-06-02T20:36:46.162-05:00  INFO 82786 --- [lab-software-engineering-backend] [nio-8082-exec-3] c.e.u.d.c.r.s.impl.RubricaServiceImpl    : Obteniendo lista de todas las rúbricas
2025-06-02T20:36:46.207-05:00 DEBUG 82786 --- [lab-software-engineering-backend] [nio-8082-exec-3] org.hibernate.SQL                        : 
    /* <criteria> */ select
        r1_0."id",
        r1_0."descripcion",
        r1_0."estado",
        r1_0."fecha_creacion",
        r1_0."nombre" 
    from
        "rubricas" r1_0
Hibernate: 
    /* <criteria> */ select
        r1_0."id",
        r1_0."descripcion",
        r1_0."estado",
        r1_0."fecha_creacion",
        r1_0."nombre" 
    from
        "rubricas" r1_0
